# JRE version: Java(TM) SE Runtime Environment (8.0_144-b01) (build 1.8.0_144-b01)
# Java VM: Java HotSpot(TM) 64-Bit Server VM (25.144-b01 mixed mode windows-amd64 compressed oops)
Heap:
 par new generation   total 306688K, used 170948K [0x00000000c0000000, 0x00000000d4cc0000, 0x00000000d4cc0000)
  eden space 272640K,  53% used [0x00000000c0000000, 0x00000000c8f658c0, 0x00000000d0a40000)
  from space 34048K,  70% used [0x00000000d2b80000, 0x00000000d430b968, 0x00000000d4cc0000)
  to   space 34048K,   0% used [0x00000000d0a40000, 0x00000000d0a40000, 0x00000000d2b80000)
 concurrent mark-sweep generation total 707840K, used 94699K [0x00000000d4cc0000, 0x0000000100000000, 0x0000000100000000)
 Metaspace       used 38007K, capacity 38319K, committed 38784K, reserved 1083392K
  class space    used 5016K, capacity 5127K, committed 5248K, reserved 1048576K
GC Heap History (10 events):
Event: 14.080 GC heap before
{Heap before GC invocations=5 (full 3):
 par new generation   total 306688K, used 301584K [0x00000000c0000000, 0x00000000d4cc0000, 0x00000000d4cc0000)
  eden space 272640K, 100% used [0x00000000c0000000, 0x00000000d0a40000, 0x00000000d0a40000)
  from space 34048K,  85% used [0x00000000d0a40000, 0x00000000d2684260, 0x00000000d2b80000)
  to   space 34048K,   0% used [0x00000000d2b80000, 0x00000000d2b80000, 0x00000000d4cc0000)
 concurrent mark-sweep generation total 707840K, used 55718K [0x00000000d4cc0000, 0x0000000100000000, 0x0000000100000000)
 Metaspace       used 27000K, capacity 27298K, committed 27648K, reserved 1073152K
  class space    used 3649K, capacity 3771K, committed 3840K, reserved 1048576K
Event: 14.126 GC heap after
Heap after GC invocations=6 (full 3):
 par new generation   total 306688K, used 34048K [0x00000000c0000000, 0x00000000d4cc0000, 0x00000000d4cc0000)
  eden space 272640K,   0% used [0x00000000c0000000, 0x00000000c0000000, 0x00000000d0a40000)
  from space 34048K, 100% used [0x00000000d2b80000, 0x00000000d4cc0000, 0x00000000d4cc0000)
  to   space 34048K,   0% used [0x00000000d0a40000, 0x00000000d0a40000, 0x00000000d2b80000)
 concurrent mark-sweep generation total 707840K, used 63564K [0x00000000d4cc0000, 0x0000000100000000, 0x0000000100000000)
 Metaspace       used 27000K, capacity 27298K, committed 27648K, reserved 1073152K
  class space    used 3649K, capacity 3771K, committed 3840K, reserved 1048576K
}
Event: 16.888 GC heap before
{Heap before GC invocations=6 (full 3):
 par new generation   total 306688K, used 306688K [0x00000000c0000000, 0x00000000d4cc0000, 0x00000000d4cc0000)
  eden space 272640K, 100% used [0x00000000c0000000, 0x00000000d0a40000, 0x00000000d0a40000)
  from space 34048K, 100% used [0x00000000d2b80000, 0x00000000d4cc0000, 0x00000000d4cc0000)
  to   space 34048K,   0% used [0x00000000d0a40000, 0x00000000d0a40000, 0x00000000d2b80000)
 concurrent mark-sweep generation total 707840K, used 56725K [0x00000000d4cc0000, 0x0000000100000000, 0x0000000100000000)
 Metaspace       used 31610K, capacity 31913K, committed 32256K, reserved 1077248K
  class space    used 4154K, capacity 4253K, committed 4352K, reserved 1048576K
Event: 16.946 GC heap after
Heap after GC invocations=7 (full 3):
 par new generation   total 306688K, used 29872K [0x00000000c0000000, 0x00000000d4cc0000, 0x00000000d4cc0000)
  eden space 272640K,   0% used [0x00000000c0000000, 0x00000000c0000000, 0x00000000d0a40000)
  from space 34048K,  87% used [0x00000000d0a40000, 0x00000000d276c380, 0x00000000d2b80000)
  to   space 34048K,   0% used [0x00000000d2b80000, 0x00000000d2b80000, 0x00000000d4cc0000)
 concurrent mark-sweep generation total 707840K, used 71463K [0x00000000d4cc0000, 0x0000000100000000, 0x0000000100000000)
 Metaspace       used 31610K, capacity 31913K, committed 32256K, reserved 1077248K
  class space    used 4154K, capacity 4253K, committed 4352K, reserved 1048576K
}
Event: 20.967 GC heap before
{Heap before GC invocations=7 (full 3):
 par new generation   total 306688K, used 302512K [0x00000000c0000000, 0x00000000d4cc0000, 0x00000000d4cc0000)
  eden space 272640K, 100% used [0x00000000c0000000, 0x00000000d0a40000, 0x00000000d0a40000)
  from space 34048K,  87% used [0x00000000d0a40000, 0x00000000d276c380, 0x00000000d2b80000)
  to   space 34048K,   0% used [0x00000000d2b80000, 0x00000000d2b80000, 0x00000000d4cc0000)
 concurrent mark-sweep generation total 707840K, used 71463K [0x00000000d4cc0000, 0x0000000100000000, 0x0000000100000000)
 Metaspace       used 33256K, capacity 33545K, committed 33920K, reserved 1079296K
  class space    used 4352K, capacity 4477K, committed 4480K, reserved 1048576K
Event: 21.020 GC heap after
Heap after GC invocations=8 (full 3):
 par new generation   total 306688K, used 34047K [0x00000000c0000000, 0x00000000d4cc0000, 0x00000000d4cc0000)
  eden space 272640K,   0% used [0x00000000c0000000, 0x00000000c0000000, 0x00000000d0a40000)
  from space 34048K,  99% used [0x00000000d2b80000, 0x00000000d4cbfff8, 0x00000000d4cc0000)
  to   space 34048K,   0% used [0x00000000d0a40000, 0x00000000d0a40000, 0x00000000d2b80000)
 concurrent mark-sweep generation total 707840K, used 95328K [0x00000000d4cc0000, 0x0000000100000000, 0x0000000100000000)
 Metaspace       used 33256K, capacity 33545K, committed 33920K, reserved 1079296K
  class space    used 4352K, capacity 4477K, committed 4480K, reserved 1048576K
}
Event: 23.601 GC heap before
{Heap before GC invocations=8 (full 3):
 par new generation   total 306688K, used 306687K [0x00000000c0000000, 0x00000000d4cc0000, 0x00000000d4cc0000)
  eden space 272640K, 100% used [0x00000000c0000000, 0x00000000d0a40000, 0x00000000d0a40000)
  from space 34048K,  99% used [0x00000000d2b80000, 0x00000000d4cbfff8, 0x00000000d4cc0000)
  to   space 34048K,   0% used [0x00000000d0a40000, 0x00000000d0a40000, 0x00000000d2b80000)
 concurrent mark-sweep generation total 707840K, used 95328K [0x00000000d4cc0000, 0x0000000100000000, 0x0000000100000000)
 Metaspace       used 35907K, capacity 36143K, committed 36608K, reserved 1081344K
  class space    used 4690K, capacity 4807K, committed 4864K, reserved 1048576K
Event: 23.643 GC heap after
Heap after GC invocations=9 (full 3):
 par new generation   total 306688K, used 30419K [0x00000000c0000000, 0x00000000d4cc0000, 0x00000000d4cc0000)
  eden space 272640K,   0% used [0x00000000c0000000, 0x00000000c0000000, 0x00000000d0a40000)
  from space 34048K,  89% used [0x00000000d0a40000, 0x00000000d27f4e60, 0x00000000d2b80000)
  to   space 34048K,   0% used [0x00000000d2b80000, 0x00000000d2b80000, 0x00000000d4cc0000)
 concurrent mark-sweep generation total 707840K, used 104669K [0x00000000d4cc0000, 0x0000000100000000, 0x0000000100000000)
 Metaspace       used 35907K, capacity 36143K, committed 36608K, reserved 1081344K
  class space    used 4690K, capacity 4807K, committed 4864K, reserved 1048576K
}
Event: 28.055 GC heap before
{Heap before GC invocations=9 (full 4):
 par new generation   total 306688K, used 303059K [0x00000000c0000000, 0x00000000d4cc0000, 0x00000000d4cc0000)
  eden space 272640K, 100% used [0x00000000c0000000, 0x00000000d0a40000, 0x00000000d0a40000)
  from space 34048K,  89% used [0x00000000d0a40000, 0x00000000d27f4e60, 0x00000000d2b80000)
  to   space 34048K,   0% used [0x00000000d2b80000, 0x00000000d2b80000, 0x00000000d4cc0000)
 concurrent mark-sweep generation total 707840K, used 104669K [0x00000000d4cc0000, 0x0000000100000000, 0x0000000100000000)
 Metaspace       used 37252K, capacity 37551K, committed 37888K, reserved 1081344K
  class space    used 4939K, capacity 5063K, committed 5120K, reserved 1048576K
Event: 28.084 GC heap after
Heap after GC invocations=10 (full 4):
 par new generation   total 306688K, used 24110K [0x00000000c0000000, 0x00000000d4cc0000, 0x00000000d4cc0000)
  eden space 272640K,   0% used [0x00000000c0000000, 0x00000000c0000000, 0x00000000d0a40000)
  from space 34048K,  70% used [0x00000000d2b80000, 0x00000000d430b968, 0x00000000d4cc0000)
  to   space 34048K,   0% used [0x00000000d0a40000, 0x00000000d0a40000, 0x00000000d2b80000)
 concurrent mark-sweep generation total 707840K, used 112570K [0x00000000d4cc0000, 0x0000000100000000, 0x0000000100000000)
 Metaspace       used 37252K, capacity 37551K, committed 37888K, reserved 1081344K
  class space    used 4939K, capacity 5063K, committed 5120K, reserved 1048576K
}

